<?xml version="1.0" encoding="UTF-8"?>
<testng-results skipped="0" failed="1" ignored="0" total="4" passed="3">
  <reporter-output>
  </reporter-output>
  <suite name="Suite1" duration-ms="36595" started-at="2019-12-05T14:35:18 IST" finished-at="2019-12-05T14:35:55 IST">
    <groups>
    </groups>
    <test name="Test1" duration-ms="23640" started-at="2019-12-05T14:35:18 IST" finished-at="2019-12-05T14:35:42 IST">
      <class name="testcases.BookingPortal">
        <test-method status="PASS" signature="browserSetup(java.lang.String)[pri:0, instance:testcases.BookingPortal@3a883ce7]" name="browserSetup" is-config="true" duration-ms="7243" started-at="2019-12-05T14:35:18 IST" finished-at="2019-12-05T14:35:25 IST">
          <params>
            <param index="0">
              <value>
                <![CDATA[chrome]]>
              </value>
            </param>
          </params>
          <reporter-output>
          </reporter-output>
        </test-method> <!-- browserSetup -->
        <test-method status="PASS" signature="login()[pri:0, instance:testcases.BookingPortal@3a883ce7]" name="login" duration-ms="2686" started-at="2019-12-05T14:35:25 IST" finished-at="2019-12-05T14:35:28 IST">
          <reporter-output>
          </reporter-output>
        </test-method> <!-- login -->
        <test-method status="PASS" signature="search()[pri:0, instance:testcases.BookingPortal@3a883ce7]" name="search" duration-ms="13655" started-at="2019-12-05T14:35:28 IST" finished-at="2019-12-05T14:35:42 IST">
          <reporter-output>
          </reporter-output>
        </test-method> <!-- search -->
      </class> <!-- testcases.BookingPortal -->
    </test> <!-- Test1 -->
    <test name="Test2" duration-ms="12922" started-at="2019-12-05T14:35:42 IST" finished-at="2019-12-05T14:35:55 IST">
      <class name="testcases.BookingPortal">
        <test-method status="PASS" signature="browserSetup(java.lang.String)[pri:0, instance:testcases.BookingPortal@2d6eabae]" name="browserSetup" is-config="true" duration-ms="6704" started-at="2019-12-05T14:35:42 IST" finished-at="2019-12-05T14:35:48 IST">
          <params>
            <param index="0">
              <value>
                <![CDATA[firefox]]>
              </value>
            </param>
          </params>
          <reporter-output>
          </reporter-output>
        </test-method> <!-- browserSetup -->
        <test-method status="PASS" signature="login()[pri:0, instance:testcases.BookingPortal@2d6eabae]" name="login" duration-ms="6132" started-at="2019-12-05T14:35:48 IST" finished-at="2019-12-05T14:35:54 IST">
          <reporter-output>
          </reporter-output>
        </test-method> <!-- login -->
        <test-method status="FAIL" signature="search()[pri:0, instance:testcases.BookingPortal@2d6eabae]" name="search" duration-ms="27" started-at="2019-12-05T14:35:54 IST" finished-at="2019-12-05T14:35:54 IST">
          <exception class="org.openqa.selenium.NoSuchElementException">
            <message>
              <![CDATA[Unable to locate element: #txtFrom
For documentation on this error, please visit: https://www.seleniumhq.org/exceptions/no_such_element.html
Build info: version: '3.141.59', revision: 'e82be7d358', time: '2018-11-14T08:25:48'
System info: host: 'DESKTOP-SGTQ0DB', ip: '192.168.1.19', os.name: 'Windows 10', os.arch: 'amd64', os.version: '10.0', java.version: '1.8.0_171'
Driver info: org.openqa.selenium.firefox.FirefoxDriver
Capabilities {acceptInsecureCerts: true, browserName: firefox, browserVersion: 70.0, javascriptEnabled: true, moz:accessibilityChecks: false, moz:buildID: 20191016161957, moz:geckodriverVersion: 0.26.0, moz:headless: false, moz:processID: 13752, moz:profile: C:\Users\Jeemol Jayakumar\A..., moz:shutdownTimeout: 60000, moz:useNonSpecCompliantPointerOrigin: false, moz:webdriverClick: true, pageLoadStrategy: normal, platform: WINDOWS, platformName: WINDOWS, platformVersion: 10.0, rotatable: false, setWindowRect: true, strictFileInteractability: false, timeouts: {implicit: 0, pageLoad: 300000, script: 30000}, unhandledPromptBehavior: dismiss and notify}
Session ID: 71f6c5f0-ce7e-4816-94ee-cd8698e80763
*** Element info: {Using=id, value=txtFrom}]]>
            </message>
            <full-stacktrace>
              <![CDATA[org.openqa.selenium.NoSuchElementException: Unable to locate element: #txtFrom
For documentation on this error, please visit: https://www.seleniumhq.org/exceptions/no_such_element.html
Build info: version: '3.141.59', revision: 'e82be7d358', time: '2018-11-14T08:25:48'
System info: host: 'DESKTOP-SGTQ0DB', ip: '192.168.1.19', os.name: 'Windows 10', os.arch: 'amd64', os.version: '10.0', java.version: '1.8.0_171'
Driver info: org.openqa.selenium.firefox.FirefoxDriver
Capabilities {acceptInsecureCerts: true, browserName: firefox, browserVersion: 70.0, javascriptEnabled: true, moz:accessibilityChecks: false, moz:buildID: 20191016161957, moz:geckodriverVersion: 0.26.0, moz:headless: false, moz:processID: 13752, moz:profile: C:\Users\Jeemol Jayakumar\A..., moz:shutdownTimeout: 60000, moz:useNonSpecCompliantPointerOrigin: false, moz:webdriverClick: true, pageLoadStrategy: normal, platform: WINDOWS, platformName: WINDOWS, platformVersion: 10.0, rotatable: false, setWindowRect: true, strictFileInteractability: false, timeouts: {implicit: 0, pageLoad: 300000, script: 30000}, unhandledPromptBehavior: dismiss and notify}
Session ID: 71f6c5f0-ce7e-4816-94ee-cd8698e80763
*** Element info: {Using=id, value=txtFrom}
at sun.reflect.NativeConstructorAccessorImpl.newInstance0(Native Method)
at sun.reflect.NativeConstructorAccessorImpl.newInstance(Unknown Source)
at sun.reflect.DelegatingConstructorAccessorImpl.newInstance(Unknown Source)
at java.lang.reflect.Constructor.newInstance(Unknown Source)
at org.openqa.selenium.remote.http.W3CHttpResponseCodec.createException(W3CHttpResponseCodec.java:187)
at org.openqa.selenium.remote.http.W3CHttpResponseCodec.decode(W3CHttpResponseCodec.java:122)
at org.openqa.selenium.remote.http.W3CHttpResponseCodec.decode(W3CHttpResponseCodec.java:49)
at org.openqa.selenium.remote.HttpCommandExecutor.execute(HttpCommandExecutor.java:158)
at org.openqa.selenium.remote.service.DriverCommandExecutor.execute(DriverCommandExecutor.java:83)
at org.openqa.selenium.remote.RemoteWebDriver.execute(RemoteWebDriver.java:552)
at org.openqa.selenium.remote.RemoteWebDriver.findElement(RemoteWebDriver.java:323)
at org.openqa.selenium.remote.RemoteWebDriver.findElementById(RemoteWebDriver.java:372)
at org.openqa.selenium.By$ById.findElement(By.java:188)
at org.openqa.selenium.remote.RemoteWebDriver.findElement(RemoteWebDriver.java:315)
at pages.SearchPage.fromAirport(SearchPage.java:13)
at testcases.BookingPortal.search(BookingPortal.java:58)
at sun.reflect.NativeMethodAccessorImpl.invoke0(Native Method)
at sun.reflect.NativeMethodAccessorImpl.invoke(Unknown Source)
at sun.reflect.DelegatingMethodAccessorImpl.invoke(Unknown Source)
at java.lang.reflect.Method.invoke(Unknown Source)
at org.testng.internal.MethodInvocationHelper.invokeMethod(MethodInvocationHelper.java:133)
at org.testng.internal.TestInvoker.invokeMethod(TestInvoker.java:584)
at org.testng.internal.TestInvoker.invokeTestMethod(TestInvoker.java:172)
at org.testng.internal.MethodRunner.runInSequence(MethodRunner.java:46)
at org.testng.internal.TestInvoker$MethodInvocationAgent.invoke(TestInvoker.java:804)
at org.testng.internal.TestInvoker.invokeTestMethods(TestInvoker.java:145)
at org.testng.internal.TestMethodWorker.invokeTestMethods(TestMethodWorker.java:146)
at org.testng.internal.TestMethodWorker.run(TestMethodWorker.java:128)
at java.util.concurrent.ThreadPoolExecutor.runWorker(Unknown Source)
at java.util.concurrent.ThreadPoolExecutor$Worker.run(Unknown Source)
at java.lang.Thread.run(Unknown Source)
]]>
            </full-stacktrace>
          </exception> <!-- org.openqa.selenium.NoSuchElementException -->
          <reporter-output>
          </reporter-output>
        </test-method> <!-- search -->
      </class> <!-- testcases.BookingPortal -->
    </test> <!-- Test2 -->
  </suite> <!-- Suite1 -->
</testng-results>
