<?xml version="1.0" encoding="UTF-8"?>
<!-- Generated by org.testng.reporters.JUnitXMLReporter -->
<testsuite hostname="DESKTOP-SGTQ0DB" ignored="0" name="Test1" tests="2" failures="1" timestamp="2019-12-06T15:09:33 IST" time="23.839" errors="0">
  <testcase name="login" time="2.741" classname="testcases.BookingPortal"/>
  <testcase name="search" time="14.094" classname="testcases.BookingPortal">
    <failure type="java.lang.NullPointerException">
      <![CDATA[java.lang.NullPointerException
at utils.TakeScreenShot.takescreenshot(TakeScreenShot.java:27)
at testcases.BookingPortal.search(BookingPortal.java:62)
at java.util.ArrayList.forEach(Unknown Source)
... Removed 27 stack frames]]>
    </failure>
  </testcase> <!-- search -->
</testsuite> <!-- Test1 -->
