<?xml version="1.0" encoding="UTF-8"?>
<testng-results skipped="0" failed="0" ignored="0" total="3" passed="3">
  <reporter-output>
  </reporter-output>
  <suite name="Default suite" duration-ms="26651" started-at="2019-11-26T17:51:21 IST" finished-at="2019-11-26T17:51:48 IST">
    <groups>
    </groups>
    <test name="Default test" duration-ms="26651" started-at="2019-11-26T17:51:21 IST" finished-at="2019-11-26T17:51:48 IST">
      <class name="adminPanel.AdminpanelLogin">
        <test-method status="PASS" signature="setupBrowser()[pri:0, instance:adminPanel.AdminpanelLogin@517cd4b]" name="setupBrowser" is-config="true" duration-ms="5984" started-at="2019-11-26T17:51:21 IST" finished-at="2019-11-26T17:51:27 IST">
          <reporter-output>
          </reporter-output>
        </test-method> <!-- setupBrowser -->
        <test-method status="PASS" signature="logIn(java.lang.String, java.lang.String, java.lang.String)[pri:0, instance:adminPanel.AdminpanelLogin@517cd4b]" name="logIn" duration-ms="5322" started-at="2019-11-26T17:51:28 IST" data-provider="getData" finished-at="2019-11-26T17:51:33 IST">
          <params>
            <param index="0">
              <value>
                <![CDATA[AGY75]]>
              </value>
            </param>
            <param index="1">
              <value>
                <![CDATA[nancy]]>
              </value>
            </param>
            <param index="2">
              <value>
                <![CDATA[9988]]>
              </value>
            </param>
          </params>
          <reporter-output>
          </reporter-output>
        </test-method> <!-- logIn -->
        <test-method status="PASS" signature="logIn(java.lang.String, java.lang.String, java.lang.String)[pri:0, instance:adminPanel.AdminpanelLogin@517cd4b]" name="logIn" duration-ms="7637" started-at="2019-11-26T17:51:33 IST" data-provider="getData" finished-at="2019-11-26T17:51:41 IST">
          <params>
            <param index="0">
              <value>
                <![CDATA[AGY75]]>
              </value>
            </param>
            <param index="1">
              <value>
                <![CDATA[Jeemol]]>
              </value>
            </param>
            <param index="2">
              <value>
                <![CDATA[oneviewitsolutions]]>
              </value>
            </param>
          </params>
          <reporter-output>
          </reporter-output>
        </test-method> <!-- logIn -->
        <test-method status="PASS" signature="logIn(java.lang.String, java.lang.String, java.lang.String)[pri:0, instance:adminPanel.AdminpanelLogin@517cd4b]" name="logIn" duration-ms="6321" started-at="2019-11-26T17:51:41 IST" data-provider="getData" finished-at="2019-11-26T17:51:47 IST">
          <params>
            <param index="0">
              <value>
                <![CDATA[AGY75]]>
              </value>
            </param>
            <param index="1">
              <value>
                <![CDATA[nancy]]>
              </value>
            </param>
            <param index="2">
              <value>
                <![CDATA[123]]>
              </value>
            </param>
          </params>
          <reporter-output>
          </reporter-output>
        </test-method> <!-- logIn -->
        <test-method status="PASS" signature="browserClose()[pri:0, instance:adminPanel.AdminpanelLogin@517cd4b]" name="browserClose" is-config="true" duration-ms="714" started-at="2019-11-26T17:51:47 IST" finished-at="2019-11-26T17:51:48 IST">
          <reporter-output>
          </reporter-output>
        </test-method> <!-- browserClose -->
      </class> <!-- adminPanel.AdminpanelLogin -->
    </test> <!-- Default test -->
  </suite> <!-- Default suite -->
</testng-results>
