<?xml version="1.0" encoding="UTF-8"?>
<testng-results skipped="0" failed="0" ignored="0" total="1" passed="1">
  <reporter-output>
  </reporter-output>
  <suite name="Suite" duration-ms="10040" started-at="2019-11-14T13:21:11 IST" finished-at="2019-11-14T13:21:21 IST">
    <groups>
    </groups>
    <test name="Test" duration-ms="10040" started-at="2019-11-14T13:21:11 IST" finished-at="2019-11-14T13:21:21 IST">
      <class name="testpackage.LogInTest">
        <test-method status="PASS" signature="mainTest()[pri:0, instance:testpackage.LogInTest@5a4041cc]" name="mainTest" duration-ms="9997" started-at="2019-11-14T13:21:11 IST" finished-at="2019-11-14T13:21:21 IST">
          <reporter-output>
          </reporter-output>
        </test-method> <!-- mainTest -->
      </class> <!-- testpackage.LogInTest -->
    </test> <!-- Test -->
  </suite> <!-- Suite -->
</testng-results>
